<?xml version="1.0" encoding="UTF-8"?>
<!-- Generated by org.testng.reporters.JUnitReportReporter -->
<testsuite hostname="VED-APL00082" failures="0" tests="2" name="amazonRunners.TestRunner" time="255.709" errors="0" timestamp="2025-06-26T16:12:48 IST" skipped="0">
  <testcase classname="amazonRunners.TestRunner" name="runScenario" time="143.487"/>
  <testcase classname="amazonRunners.TestRunner" name="runScenario" time="112.222"/>
</testsuite> <!-- amazonRunners.TestRunner -->
