<?xml version="1.0" encoding="UTF-8"?>
<!-- Generated by org.testng.reporters.JUnitReportReporter -->
<testsuite hostname="VED-APL00082" failures="0" tests="2" name="amazonRunners.TestRunner" time="273.618" errors="0" timestamp="2025-06-26T15:52:41 IST" skipped="0">
  <testcase classname="amazonRunners.TestRunner" name="runScenario" time="154.037"/>
  <system-out/>
  <testcase classname="amazonRunners.TestRunner" name="runScenario" time="119.581"/>
  <system-out/>
</testsuite> <!-- amazonRunners.TestRunner -->
