<?xml version="1.0" encoding="UTF-8"?>
<!-- Generated by org.testng.reporters.JUnitReportReporter -->
<testsuite hostname="VED-APL00082" failures="0" tests="1" name="amazonRunners.TestRunner" time="212.380" errors="0" timestamp="2025-07-02T19:38:22 IST" skipped="0">
  <testcase classname="amazonRunners.TestRunner" name="runScenario" time="212.380"/>
</testsuite> <!-- amazonRunners.TestRunner -->
