<?xml version="1.0" encoding="UTF-8"?>
<!-- Generated by org.testng.reporters.JUnitReportReporter -->
<testsuite hostname="VED-APL00082" failures="0" tests="2" name="amazonRunners.TestRunner" time="17.262" errors="0" timestamp="2025-06-26T16:35:33 IST" skipped="0">
  <testcase classname="amazonRunners.TestRunner" name="runScenario" time="9.243"/>
  <testcase classname="amazonRunners.TestRunner" name="runScenario" time="8.019"/>
</testsuite> <!-- amazonRunners.TestRunner -->
